2024-02-23 18:57:43 0 [Note] Starting MariaDB 10.4.32-MariaDB source revision c4143f909528e3fab0677a28631d10389354c491 as process 6992
2024-02-23 18:57:43 0 [Note] InnoDB: Mutexes and rw_locks use Windows interlocked functions
2024-02-23 18:57:43 0 [Note] InnoDB: Uses event mutexes
2024-02-23 18:57:43 0 [Note] InnoDB: Compressed tables use zlib 1.3
2024-02-23 18:57:43 0 [Note] InnoDB: Number of pools: 1
2024-02-23 18:57:43 0 [Note] InnoDB: Using SSE2 crc32 instructions
2024-02-23 18:57:43 0 [Note] InnoDB: Initializing buffer pool, total size = 16M, instances = 1, chunk size = 16M
2024-02-23 18:57:43 0 [Note] InnoDB: Completed initialization of buffer pool
2024-02-23 18:57:43 0 [Note] InnoDB: Starting crash recovery from checkpoint LSN=300288
2024-02-23 18:57:44 0 [Note] InnoDB: 128 out of 128 rollback segments are active.
2024-02-23 18:57:44 0 [Note] InnoDB: Removed temporary tablespace data file: "ibtmp1"
2024-02-23 18:57:44 0 [Note] InnoDB: Creating shared tablespace for temporary tables
2024-02-23 18:57:44 0 [Note] InnoDB: Setting file 'C:\xampp\mysql\data\ibtmp1' size to 12 MB. Physically writing the file full; Please wait ...
2024-02-23 18:57:44 0 [Note] InnoDB: File 'C:\xampp\mysql\data\ibtmp1' size is now 12 MB.
2024-02-23 18:57:44 0 [Note] InnoDB: Waiting for purge to start
2024-02-23 18:57:44 0 [Note] InnoDB: 10.4.32 started; log sequence number 300297; transaction id 170
2024-02-23 18:57:44 0 [Note] InnoDB: Loading buffer pool(s) from C:\xampp\mysql\data\ib_buffer_pool
2024-02-23 18:57:44 0 [Note] Plugin 'FEEDBACK' is disabled.
2024-02-23 18:57:44 0 [Note] InnoDB: Buffer pool(s) load completed at 240223 18:57:44
2024-02-23 18:57:44 0 [Note] Server socket created on IP: '::'.
2024-02-24 15:57:09 0 [Note] Starting MariaDB 10.4.32-MariaDB source revision c4143f909528e3fab0677a28631d10389354c491 as process 2116
2024-02-24 15:57:09 0 [Note] InnoDB: Mutexes and rw_locks use Windows interlocked functions
2024-02-24 15:57:09 0 [Note] InnoDB: Uses event mutexes
2024-02-24 15:57:09 0 [Note] InnoDB: Compressed tables use zlib 1.3
2024-02-24 15:57:09 0 [Note] InnoDB: Number of pools: 1
2024-02-24 15:57:09 0 [Note] InnoDB: Using SSE2 crc32 instructions
2024-02-24 15:57:09 0 [Note] InnoDB: Initializing buffer pool, total size = 16M, instances = 1, chunk size = 16M
2024-02-24 15:57:09 0 [Note] InnoDB: Completed initialization of buffer pool
2024-02-24 15:57:09 0 [Note] InnoDB: Starting crash recovery from checkpoint LSN=304536
2024-02-24 15:57:10 0 [Note] InnoDB: 128 out of 128 rollback segments are active.
2024-02-24 15:57:10 0 [Note] InnoDB: Removed temporary tablespace data file: "ibtmp1"
2024-02-24 15:57:10 0 [Note] InnoDB: Creating shared tablespace for temporary tables
2024-02-24 15:57:10 0 [Note] InnoDB: Setting file 'C:\xampp\mysql\data\ibtmp1' size to 12 MB. Physically writing the file full; Please wait ...
2024-02-24 15:57:10 0 [Note] InnoDB: File 'C:\xampp\mysql\data\ibtmp1' size is now 12 MB.
2024-02-24 15:57:10 0 [Note] InnoDB: Waiting for purge to start
2024-02-24 15:57:10 0 [Note] InnoDB: 10.4.32 started; log sequence number 304545; transaction id 197
2024-02-24 15:57:10 0 [Note] InnoDB: Loading buffer pool(s) from C:\xampp\mysql\data\ib_buffer_pool
2024-02-24 15:57:10 0 [Note] Plugin 'FEEDBACK' is disabled.
2024-02-24 15:57:10 0 [Note] InnoDB: Buffer pool(s) load completed at 240224 15:57:10
2024-02-24 15:57:10 0 [Note] Server socket created on IP: '::'.
2024-02-25 12:22:26 0 [Note] Starting MariaDB 10.4.32-MariaDB source revision c4143f909528e3fab0677a28631d10389354c491 as process 8676
2024-02-25 12:22:27 0 [Note] InnoDB: Mutexes and rw_locks use Windows interlocked functions
2024-02-25 12:22:27 0 [Note] InnoDB: Uses event mutexes
2024-02-25 12:22:27 0 [Note] InnoDB: Compressed tables use zlib 1.3
2024-02-25 12:22:27 0 [Note] InnoDB: Number of pools: 1
2024-02-25 12:22:27 0 [Note] InnoDB: Using SSE2 crc32 instructions
2024-02-25 12:22:27 0 [Note] InnoDB: Initializing buffer pool, total size = 16M, instances = 1, chunk size = 16M
2024-02-25 12:22:27 0 [Note] InnoDB: Completed initialization of buffer pool
2024-02-25 12:22:27 0 [Note] InnoDB: Starting crash recovery from checkpoint LSN=304871
2024-02-25 12:22:29 0 [Note] InnoDB: 128 out of 128 rollback segments are active.
2024-02-25 12:22:29 0 [Note] InnoDB: Removed temporary tablespace data file: "ibtmp1"
2024-02-25 12:22:29 0 [Note] InnoDB: Creating shared tablespace for temporary tables
2024-02-25 12:22:29 0 [Note] InnoDB: Setting file 'C:\xampp\mysql\data\ibtmp1' size to 12 MB. Physically writing the file full; Please wait ...
2024-02-25 12:22:29 0 [Note] InnoDB: File 'C:\xampp\mysql\data\ibtmp1' size is now 12 MB.
2024-02-25 12:22:29 0 [Note] InnoDB: Waiting for purge to start
2024-02-25 12:22:29 0 [Note] InnoDB: 10.4.32 started; log sequence number 304880; transaction id 220
2024-02-25 12:22:29 0 [Note] InnoDB: Loading buffer pool(s) from C:\xampp\mysql\data\ib_buffer_pool
2024-02-25 12:22:29 0 [Note] Plugin 'FEEDBACK' is disabled.
2024-02-25 12:22:29 0 [Note] InnoDB: Buffer pool(s) load completed at 240225 12:22:29
2024-02-25 12:22:29 0 [Note] Server socket created on IP: '::'.
2024-02-26 15:07:15 0 [Note] Starting MariaDB 10.4.32-MariaDB source revision c4143f909528e3fab0677a28631d10389354c491 as process 10928
2024-02-26 15:07:15 0 [Note] InnoDB: Mutexes and rw_locks use Windows interlocked functions
2024-02-26 15:07:15 0 [Note] InnoDB: Uses event mutexes
2024-02-26 15:07:15 0 [Note] InnoDB: Compressed tables use zlib 1.3
2024-02-26 15:07:15 0 [Note] InnoDB: Number of pools: 1
2024-02-26 15:07:15 0 [Note] InnoDB: Using SSE2 crc32 instructions
2024-02-26 15:07:15 0 [Note] InnoDB: Initializing buffer pool, total size = 16M, instances = 1, chunk size = 16M
2024-02-26 15:07:15 0 [Note] InnoDB: Completed initialization of buffer pool
2024-02-26 15:07:15 0 [Note] InnoDB: Starting crash recovery from checkpoint LSN=304889
2024-02-26 15:07:15 0 [Note] InnoDB: 128 out of 128 rollback segments are active.
2024-02-26 15:07:15 0 [Note] InnoDB: Removed temporary tablespace data file: "ibtmp1"
2024-02-26 15:07:15 0 [Note] InnoDB: Creating shared tablespace for temporary tables
2024-02-26 15:07:15 0 [Note] InnoDB: Setting file 'C:\xampp\mysql\data\ibtmp1' size to 12 MB. Physically writing the file full; Please wait ...
2024-02-26 15:07:15 0 [Note] InnoDB: File 'C:\xampp\mysql\data\ibtmp1' size is now 12 MB.
2024-02-26 15:07:15 0 [Note] InnoDB: Waiting for purge to start
2024-02-26 15:07:16 0 [Note] InnoDB: 10.4.32 started; log sequence number 304898; transaction id 220
2024-02-26 15:07:16 0 [Note] InnoDB: Loading buffer pool(s) from C:\xampp\mysql\data\ib_buffer_pool
2024-02-26 15:07:16 0 [Note] Plugin 'FEEDBACK' is disabled.
2024-02-26 15:07:16 0 [Note] InnoDB: Buffer pool(s) load completed at 240226 15:07:16
2024-02-26 15:07:16 0 [Note] Server socket created on IP: '::'.
2024-02-27 17:26:57 0 [Note] Starting MariaDB 10.4.32-MariaDB source revision c4143f909528e3fab0677a28631d10389354c491 as process 7392
2024-02-27 17:26:58 0 [Note] InnoDB: Mutexes and rw_locks use Windows interlocked functions
2024-02-27 17:26:58 0 [Note] InnoDB: Uses event mutexes
2024-02-27 17:26:58 0 [Note] InnoDB: Compressed tables use zlib 1.3
2024-02-27 17:26:58 0 [Note] InnoDB: Number of pools: 1
2024-02-27 17:26:58 0 [Note] InnoDB: Using SSE2 crc32 instructions
2024-02-27 17:26:58 0 [Note] InnoDB: Initializing buffer pool, total size = 16M, instances = 1, chunk size = 16M
2024-02-27 17:26:58 0 [Note] InnoDB: Completed initialization of buffer pool
2024-02-27 17:26:58 0 [Note] InnoDB: Starting crash recovery from checkpoint LSN=304907
2024-02-27 17:26:58 0 [Note] InnoDB: 128 out of 128 rollback segments are active.
2024-02-27 17:26:58 0 [Note] InnoDB: Removed temporary tablespace data file: "ibtmp1"
2024-02-27 17:26:58 0 [Note] InnoDB: Creating shared tablespace for temporary tables
2024-02-27 17:26:58 0 [Note] InnoDB: Setting file 'C:\xampp\mysql\data\ibtmp1' size to 12 MB. Physically writing the file full; Please wait ...
2024-02-27 17:26:58 0 [Note] InnoDB: File 'C:\xampp\mysql\data\ibtmp1' size is now 12 MB.
2024-02-27 17:26:58 0 [Note] InnoDB: Waiting for purge to start
2024-02-27 17:26:58 0 [Note] InnoDB: 10.4.32 started; log sequence number 304916; transaction id 220
2024-02-27 17:26:58 0 [Note] InnoDB: Loading buffer pool(s) from C:\xampp\mysql\data\ib_buffer_pool
2024-02-27 17:26:58 0 [Note] Plugin 'FEEDBACK' is disabled.
2024-02-27 17:26:58 0 [Note] InnoDB: Buffer pool(s) load completed at 240227 17:26:58
2024-02-27 17:26:58 0 [Note] Server socket created on IP: '::'.
2024-02-29 15:30:27 0 [Note] Starting MariaDB 10.4.32-MariaDB source revision c4143f909528e3fab0677a28631d10389354c491 as process 860
2024-02-29 15:30:27 0 [Note] InnoDB: Mutexes and rw_locks use Windows interlocked functions
2024-02-29 15:30:27 0 [Note] InnoDB: Uses event mutexes
2024-02-29 15:30:27 0 [Note] InnoDB: Compressed tables use zlib 1.3
2024-02-29 15:30:27 0 [Note] InnoDB: Number of pools: 1
2024-02-29 15:30:27 0 [Note] InnoDB: Using SSE2 crc32 instructions
2024-02-29 15:30:27 0 [Note] InnoDB: Initializing buffer pool, total size = 16M, instances = 1, chunk size = 16M
2024-02-29 15:30:27 0 [Note] InnoDB: Completed initialization of buffer pool
2024-02-29 15:30:27 0 [Note] InnoDB: Starting crash recovery from checkpoint LSN=304925
2024-02-29 15:30:28 0 [Note] InnoDB: 128 out of 128 rollback segments are active.
2024-02-29 15:30:28 0 [Note] InnoDB: Removed temporary tablespace data file: "ibtmp1"
2024-02-29 15:30:28 0 [Note] InnoDB: Creating shared tablespace for temporary tables
2024-02-29 15:30:28 0 [Note] InnoDB: Setting file 'C:\xampp\mysql\data\ibtmp1' size to 12 MB. Physically writing the file full; Please wait ...
2024-02-29 15:30:28 0 [Note] InnoDB: File 'C:\xampp\mysql\data\ibtmp1' size is now 12 MB.
2024-02-29 15:30:28 0 [Note] InnoDB: Waiting for purge to start
2024-02-29 15:30:28 0 [Note] InnoDB: 10.4.32 started; log sequence number 304934; transaction id 220
2024-02-29 15:30:28 0 [Note] InnoDB: Loading buffer pool(s) from C:\xampp\mysql\data\ib_buffer_pool
2024-02-29 15:30:28 0 [Note] Plugin 'FEEDBACK' is disabled.
2024-02-29 15:30:28 0 [Note] InnoDB: Buffer pool(s) load completed at 240229 15:30:28
2024-02-29 15:30:28 0 [Note] Server socket created on IP: '::'.
2024-03-04 13:21:41 0 [Note] Starting MariaDB 10.4.32-MariaDB source revision c4143f909528e3fab0677a28631d10389354c491 as process 6932
2024-03-04 13:21:41 0 [Note] InnoDB: Mutexes and rw_locks use Windows interlocked functions
2024-03-04 13:21:41 0 [Note] InnoDB: Uses event mutexes
2024-03-04 13:21:41 0 [Note] InnoDB: Compressed tables use zlib 1.3
2024-03-04 13:21:41 0 [Note] InnoDB: Number of pools: 1
2024-03-04 13:21:41 0 [Note] InnoDB: Using SSE2 crc32 instructions
2024-03-04 13:21:41 0 [Note] InnoDB: Initializing buffer pool, total size = 16M, instances = 1, chunk size = 16M
2024-03-04 13:21:41 0 [Note] InnoDB: Completed initialization of buffer pool
2024-03-04 13:21:41 0 [Note] InnoDB: Starting crash recovery from checkpoint LSN=304943
2024-03-04 13:21:41 0 [Note] InnoDB: 128 out of 128 rollback segments are active.
2024-03-04 13:21:41 0 [Note] InnoDB: Removed temporary tablespace data file: "ibtmp1"
2024-03-04 13:21:41 0 [Note] InnoDB: Creating shared tablespace for temporary tables
2024-03-04 13:21:41 0 [Note] InnoDB: Setting file 'C:\xampp\mysql\data\ibtmp1' size to 12 MB. Physically writing the file full; Please wait ...
2024-03-04 13:21:41 0 [Note] InnoDB: File 'C:\xampp\mysql\data\ibtmp1' size is now 12 MB.
2024-03-04 13:21:41 0 [Note] InnoDB: Waiting for purge to start
2024-03-04 13:21:41 0 [Note] InnoDB: 10.4.32 started; log sequence number 304952; transaction id 220
2024-03-04 13:21:41 0 [Note] InnoDB: Loading buffer pool(s) from C:\xampp\mysql\data\ib_buffer_pool
2024-03-04 13:21:41 0 [Note] Plugin 'FEEDBACK' is disabled.
2024-03-04 13:21:41 0 [Note] InnoDB: Buffer pool(s) load completed at 240304 13:21:41
2024-03-04 13:21:41 0 [Note] Server socket created on IP: '::'.
2024-03-04 14:08:28 0 [Note] Starting MariaDB 10.4.32-MariaDB source revision c4143f909528e3fab0677a28631d10389354c491 as process 3344
2024-03-04 14:08:28 0 [Note] InnoDB: Mutexes and rw_locks use Windows interlocked functions
2024-03-04 14:08:28 0 [Note] InnoDB: Uses event mutexes
2024-03-04 14:08:28 0 [Note] InnoDB: Compressed tables use zlib 1.3
2024-03-04 14:08:28 0 [Note] InnoDB: Number of pools: 1
2024-03-04 14:08:28 0 [Note] InnoDB: Using SSE2 crc32 instructions
2024-03-04 14:08:28 0 [Note] InnoDB: Initializing buffer pool, total size = 16M, instances = 1, chunk size = 16M
2024-03-04 14:08:28 0 [Note] InnoDB: Completed initialization of buffer pool
2024-03-04 14:08:28 0 [Note] InnoDB: Starting crash recovery from checkpoint LSN=304961
2024-03-04 14:08:28 0 [Note] InnoDB: 128 out of 128 rollback segments are active.
2024-03-04 14:08:28 0 [Note] InnoDB: Removed temporary tablespace data file: "ibtmp1"
2024-03-04 14:08:28 0 [Note] InnoDB: Creating shared tablespace for temporary tables
2024-03-04 14:08:28 0 [Note] InnoDB: Setting file 'C:\xampp\mysql\data\ibtmp1' size to 12 MB. Physically writing the file full; Please wait ...
2024-03-04 14:08:28 0 [Note] InnoDB: File 'C:\xampp\mysql\data\ibtmp1' size is now 12 MB.
2024-03-04 14:08:28 0 [Note] InnoDB: Waiting for purge to start
2024-03-04 14:08:29 0 [Note] InnoDB: 10.4.32 started; log sequence number 304970; transaction id 220
2024-03-04 14:08:29 0 [Note] InnoDB: Loading buffer pool(s) from C:\xampp\mysql\data\ib_buffer_pool
2024-03-04 14:08:29 0 [Note] Plugin 'FEEDBACK' is disabled.
2024-03-04 14:08:29 0 [Note] InnoDB: Buffer pool(s) load completed at 240304 14:08:29
2024-03-04 14:08:29 0 [Note] Server socket created on IP: '::'.
2024-03-06 21:51:12 0 [Note] Starting MariaDB 10.4.32-MariaDB source revision c4143f909528e3fab0677a28631d10389354c491 as process 3040
2024-03-06 21:51:12 0 [Note] InnoDB: Mutexes and rw_locks use Windows interlocked functions
2024-03-06 21:51:12 0 [Note] InnoDB: Uses event mutexes
2024-03-06 21:51:12 0 [Note] InnoDB: Compressed tables use zlib 1.3
2024-03-06 21:51:12 0 [Note] InnoDB: Number of pools: 1
2024-03-06 21:51:12 0 [Note] InnoDB: Using SSE2 crc32 instructions
2024-03-06 21:51:12 0 [Note] InnoDB: Initializing buffer pool, total size = 16M, instances = 1, chunk size = 16M
2024-03-06 21:51:12 0 [Note] InnoDB: Completed initialization of buffer pool
2024-03-06 21:51:12 0 [Note] InnoDB: Starting crash recovery from checkpoint LSN=304979
2024-03-06 21:51:12 0 [Note] InnoDB: 128 out of 128 rollback segments are active.
2024-03-06 21:51:12 0 [Note] InnoDB: Removed temporary tablespace data file: "ibtmp1"
2024-03-06 21:51:12 0 [Note] InnoDB: Creating shared tablespace for temporary tables
2024-03-06 21:51:12 0 [Note] InnoDB: Setting file 'C:\xampp\mysql\data\ibtmp1' size to 12 MB. Physically writing the file full; Please wait ...
2024-03-06 21:51:12 0 [Note] InnoDB: File 'C:\xampp\mysql\data\ibtmp1' size is now 12 MB.
2024-03-06 21:51:12 0 [Note] InnoDB: Waiting for purge to start
2024-03-06 21:51:12 0 [Note] InnoDB: 10.4.32 started; log sequence number 304988; transaction id 220
2024-03-06 21:51:12 0 [Note] InnoDB: Loading buffer pool(s) from C:\xampp\mysql\data\ib_buffer_pool
2024-03-06 21:51:12 0 [Note] Plugin 'FEEDBACK' is disabled.
2024-03-06 21:51:12 0 [Note] InnoDB: Buffer pool(s) load completed at 240306 21:51:12
2024-03-06 21:51:12 0 [Note] Server socket created on IP: '::'.
2024-03-07 13:32:38 0 [Note] Starting MariaDB 10.4.32-MariaDB source revision c4143f909528e3fab0677a28631d10389354c491 as process 4248
2024-03-07 13:32:39 0 [Note] InnoDB: Mutexes and rw_locks use Windows interlocked functions
2024-03-07 13:32:39 0 [Note] InnoDB: Uses event mutexes
2024-03-07 13:32:39 0 [Note] InnoDB: Compressed tables use zlib 1.3
2024-03-07 13:32:39 0 [Note] InnoDB: Number of pools: 1
2024-03-07 13:32:39 0 [Note] InnoDB: Using SSE2 crc32 instructions
2024-03-07 13:32:39 0 [Note] InnoDB: Initializing buffer pool, total size = 16M, instances = 1, chunk size = 16M
2024-03-07 13:32:39 0 [Note] InnoDB: Completed initialization of buffer pool
2024-03-07 13:32:39 0 [Note] InnoDB: Starting crash recovery from checkpoint LSN=304997
2024-03-07 13:32:39 0 [Note] InnoDB: 128 out of 128 rollback segments are active.
2024-03-07 13:32:39 0 [Note] InnoDB: Removed temporary tablespace data file: "ibtmp1"
2024-03-07 13:32:39 0 [Note] InnoDB: Creating shared tablespace for temporary tables
2024-03-07 13:32:39 0 [Note] InnoDB: Setting file 'C:\xampp\mysql\data\ibtmp1' size to 12 MB. Physically writing the file full; Please wait ...
2024-03-07 13:32:39 0 [Note] InnoDB: File 'C:\xampp\mysql\data\ibtmp1' size is now 12 MB.
2024-03-07 13:32:39 0 [Note] InnoDB: Waiting for purge to start
2024-03-07 13:32:40 0 [Note] InnoDB: 10.4.32 started; log sequence number 305006; transaction id 220
2024-03-07 13:32:40 0 [Note] InnoDB: Loading buffer pool(s) from C:\xampp\mysql\data\ib_buffer_pool
2024-03-07 13:32:40 0 [Note] Plugin 'FEEDBACK' is disabled.
2024-03-07 13:32:40 0 [Note] InnoDB: Buffer pool(s) load completed at 240307 13:32:40
2024-03-07 13:32:40 0 [Note] Server socket created on IP: '::'.
2024-03-07 21:18:39 0 [Note] Starting MariaDB 10.4.32-MariaDB source revision c4143f909528e3fab0677a28631d10389354c491 as process 5820
2024-03-07 21:18:39 0 [Note] InnoDB: Mutexes and rw_locks use Windows interlocked functions
2024-03-07 21:18:39 0 [Note] InnoDB: Uses event mutexes
2024-03-07 21:18:39 0 [Note] InnoDB: Compressed tables use zlib 1.3
2024-03-07 21:18:39 0 [Note] InnoDB: Number of pools: 1
2024-03-07 21:18:39 0 [Note] InnoDB: Using SSE2 crc32 instructions
2024-03-07 21:18:39 0 [Note] InnoDB: Initializing buffer pool, total size = 16M, instances = 1, chunk size = 16M
2024-03-07 21:18:39 0 [Note] InnoDB: Completed initialization of buffer pool
2024-03-07 21:18:39 0 [Note] InnoDB: Starting crash recovery from checkpoint LSN=305015
2024-03-07 21:18:41 0 [Note] InnoDB: 128 out of 128 rollback segments are active.
2024-03-07 21:18:41 0 [Note] InnoDB: Removed temporary tablespace data file: "ibtmp1"
2024-03-07 21:18:41 0 [Note] InnoDB: Creating shared tablespace for temporary tables
2024-03-07 21:18:41 0 [Note] InnoDB: Setting file 'C:\xampp\mysql\data\ibtmp1' size to 12 MB. Physically writing the file full; Please wait ...
2024-03-07 21:18:41 0 [Note] InnoDB: File 'C:\xampp\mysql\data\ibtmp1' size is now 12 MB.
2024-03-07 21:18:41 0 [Note] InnoDB: Waiting for purge to start
2024-03-07 21:18:41 0 [Note] InnoDB: 10.4.32 started; log sequence number 305024; transaction id 220
2024-03-07 21:18:41 0 [Note] InnoDB: Loading buffer pool(s) from C:\xampp\mysql\data\ib_buffer_pool
2024-03-07 21:18:41 0 [Note] Plugin 'FEEDBACK' is disabled.
2024-03-07 21:18:41 0 [Note] InnoDB: Buffer pool(s) load completed at 240307 21:18:41
2024-03-07 21:18:41 0 [Note] Server socket created on IP: '::'.
2024-03-17 14:03:51 0 [Note] Starting MariaDB 10.4.32-MariaDB source revision c4143f909528e3fab0677a28631d10389354c491 as process 7880
2024-03-17 14:03:51 0 [Note] InnoDB: Mutexes and rw_locks use Windows interlocked functions
2024-03-17 14:03:51 0 [Note] InnoDB: Uses event mutexes
2024-03-17 14:03:51 0 [Note] InnoDB: Compressed tables use zlib 1.3
2024-03-17 14:03:51 0 [Note] InnoDB: Number of pools: 1
2024-03-17 14:03:51 0 [Note] InnoDB: Using SSE2 crc32 instructions
2024-03-17 14:03:51 0 [Note] InnoDB: Initializing buffer pool, total size = 16M, instances = 1, chunk size = 16M
2024-03-17 14:03:51 0 [Note] InnoDB: Completed initialization of buffer pool
2024-03-17 14:03:51 0 [Note] InnoDB: Starting crash recovery from checkpoint LSN=399408
2024-03-17 14:03:52 0 [Note] InnoDB: 128 out of 128 rollback segments are active.
2024-03-17 14:03:52 0 [Note] InnoDB: Removed temporary tablespace data file: "ibtmp1"
2024-03-17 14:03:52 0 [Note] InnoDB: Creating shared tablespace for temporary tables
2024-03-17 14:03:52 0 [Note] InnoDB: Setting file 'C:\xampp\mysql\data\ibtmp1' size to 12 MB. Physically writing the file full; Please wait ...
2024-03-17 14:03:52 0 [Note] InnoDB: File 'C:\xampp\mysql\data\ibtmp1' size is now 12 MB.
2024-03-17 14:03:52 0 [Note] InnoDB: Waiting for purge to start
2024-03-17 14:03:52 0 [Note] InnoDB: 10.4.32 started; log sequence number 399417; transaction id 498
2024-03-17 14:03:52 0 [Note] InnoDB: Loading buffer pool(s) from C:\xampp\mysql\data\ib_buffer_pool
2024-03-17 14:03:52 0 [Note] Plugin 'FEEDBACK' is disabled.
2024-03-17 14:03:52 0 [Note] InnoDB: Buffer pool(s) load completed at 240317 14:03:52
2024-03-17 14:03:52 0 [Note] Server socket created on IP: '::'.
2024-03-18 16:43:38 0 [Note] Starting MariaDB 10.4.32-MariaDB source revision c4143f909528e3fab0677a28631d10389354c491 as process 15312
2024-03-18 16:43:38 0 [Note] InnoDB: Mutexes and rw_locks use Windows interlocked functions
2024-03-18 16:43:38 0 [Note] InnoDB: Uses event mutexes
2024-03-18 16:43:38 0 [Note] InnoDB: Compressed tables use zlib 1.3
2024-03-18 16:43:38 0 [Note] InnoDB: Number of pools: 1
2024-03-18 16:43:38 0 [Note] InnoDB: Using SSE2 crc32 instructions
2024-03-18 16:43:38 0 [Note] InnoDB: Initializing buffer pool, total size = 16M, instances = 1, chunk size = 16M
2024-03-18 16:43:38 0 [Note] InnoDB: Completed initialization of buffer pool
2024-03-18 16:43:38 0 [Note] InnoDB: Starting crash recovery from checkpoint LSN=401525
2024-03-18 16:43:39 0 [Note] InnoDB: 128 out of 128 rollback segments are active.
2024-03-18 16:43:39 0 [Note] InnoDB: Removed temporary tablespace data file: "ibtmp1"
2024-03-18 16:43:39 0 [Note] InnoDB: Creating shared tablespace for temporary tables
2024-03-18 16:43:39 0 [Note] InnoDB: Setting file 'C:\xampp\mysql\data\ibtmp1' size to 12 MB. Physically writing the file full; Please wait ...
2024-03-18 16:43:39 0 [Note] InnoDB: File 'C:\xampp\mysql\data\ibtmp1' size is now 12 MB.
2024-03-18 16:43:39 0 [Note] InnoDB: Waiting for purge to start
2024-03-18 16:43:39 0 [Note] InnoDB: 10.4.32 started; log sequence number 401534; transaction id 532
2024-03-18 16:43:39 0 [Note] InnoDB: Loading buffer pool(s) from C:\xampp\mysql\data\ib_buffer_pool
2024-03-18 16:43:39 0 [Note] Plugin 'FEEDBACK' is disabled.
2024-03-18 16:43:39 0 [Note] InnoDB: Buffer pool(s) load completed at 240318 16:43:39
2024-03-18 16:43:39 0 [Note] Server socket created on IP: '::'.
